0 verbose cli C:\Program Files\nodejs\node.exe C:\Users\Rowan\AppData\Roaming\npm\node_modules\npm\bin\npm-cli.js
1 info using npm@10.2.4
2 info using node@v21.0.0
3 timing npm:load:whichnode Completed in 2ms
4 timing config:load:defaults Completed in 1ms
5 timing config:load:file:C:\Users\Rowan\AppData\Roaming\npm\node_modules\npm\npmrc Completed in 3ms
6 timing config:load:builtin Completed in 3ms
7 timing config:load:cli Completed in 2ms
8 timing config:load:env Completed in 0ms
9 timing config:load:file:C:\Users\Rowan\Desktop\Career Foundry\4 Client-Side Programming & React\myFlix-client\.npmrc Completed in 0ms
10 timing config:load:project Completed in 2ms
11 timing config:load:file:C:\Users\Rowan\.npmrc Completed in 0ms
12 timing config:load:user Completed in 0ms
13 timing config:load:file:C:\Users\Rowan\AppData\Roaming\npm\etc\npmrc Completed in 0ms
14 timing config:load:global Completed in 0ms
15 timing config:load:setEnvs Completed in 0ms
16 timing config:load Completed in 10ms
17 timing npm:load:configload Completed in 10ms
18 timing config:load:flatten Completed in 2ms
19 timing npm:load:mkdirpcache Completed in 1ms
20 timing npm:load:mkdirplogs Completed in 0ms
21 verbose title npm install @parcel/transformer-sass@2.10.3
22 verbose argv "install" "--json" "--save-dev" "@parcel/transformer-sass@2.10.3"
23 timing npm:load:setTitle Completed in 1ms
24 timing npm:load:display Completed in 0ms
25 verbose logfile logs-max:10 dir:C:\Users\Rowan\AppData\Local\npm-cache\_logs\2023-11-18T23_39_47_462Z-
26 verbose logfile C:\Users\Rowan\AppData\Local\npm-cache\_logs\2023-11-18T23_39_47_462Z-debug-0.log
27 timing npm:load:logFile Completed in 10ms
28 timing npm:load:timers Completed in 0ms
29 timing npm:load:configScope Completed in 0ms
30 timing npm:load Completed in 57ms
31 timing arborist:ctor Completed in 1ms
32 silly logfile start cleaning logs, removing 2 files
33 timing idealTree:init Completed in 14ms
34 timing idealTree:userRequests Completed in 1ms
35 silly idealTree buildDeps
36 silly fetch manifest @parcel/transformer-sass@2.10.3
37 silly logfile done cleaning log files
38 timing arborist:ctor Completed in 0ms
39 http fetch GET 200 https://registry.npmjs.org/@parcel%2ftransformer-sass 1784ms (cache revalidated)
40 silly placeDep ROOT @parcel/transformer-sass@2.10.3 OK for: myflix-client@1.0.0 want: 2.10.3
41 silly fetch manifest @parcel/plugin@2.10.3
42 silly fetch manifest @parcel/source-map@^2.1.1
43 silly fetch manifest sass@^1.38.0
44 http fetch GET 200 https://registry.npmjs.org/@parcel%2fsource-map 10ms (cache hit)
45 http fetch GET 200 https://registry.npmjs.org/@parcel%2fplugin 13ms (cache hit)
46 http fetch GET 200 https://registry.npmjs.org/sass 71ms (cache revalidated)
47 timing idealTree:#root Completed in 1867ms
48 silly placeDep ROOT @parcel/plugin@2.10.3 OK for: @parcel/transformer-sass@2.10.3 want: 2.10.3
49 silly fetch manifest @parcel/types@2.10.3
50 silly placeDep ROOT @parcel/source-map@2.1.1 OK for: @parcel/transformer-sass@2.10.3 want: ^2.1.1
51 silly fetch manifest detect-libc@^1.0.3
52 silly placeDep ROOT sass@1.69.5 OK for: @parcel/transformer-sass@2.10.3 want: ^1.38.0
53 silly fetch manifest chokidar@>=3.0.0 <4.0.0
54 silly fetch manifest immutable@^4.0.0
55 silly fetch manifest source-map-js@>=0.6.2 <2.0.0
56 http fetch GET 200 https://registry.npmjs.org/@parcel%2ftypes 13ms (cache hit)
57 http fetch GET 200 https://registry.npmjs.org/detect-libc 18ms (cache hit)
58 http fetch GET 200 https://registry.npmjs.org/source-map-js 21ms (cache hit)
59 http fetch GET 200 https://registry.npmjs.org/immutable 69ms (cache revalidated)
60 http fetch GET 200 https://registry.npmjs.org/chokidar 128ms (cache revalidated)
61 timing idealTree:node_modules/@parcel/transformer-sass Completed in 133ms
62 silly placeDep ROOT @parcel/types@2.10.3 OK for: @parcel/plugin@2.10.3 want: 2.10.3
63 silly fetch manifest @parcel/cache@2.10.3
64 silly fetch manifest @parcel/diagnostic@2.10.3
65 silly fetch manifest @parcel/fs@2.10.3
66 silly fetch manifest @parcel/package-manager@2.10.3
67 silly fetch manifest @parcel/workers@2.10.3
68 silly fetch manifest utility-types@^3.10.0
69 http fetch GET 200 https://registry.npmjs.org/@parcel%2fcache 17ms (cache hit)
70 http fetch GET 200 https://registry.npmjs.org/@parcel%2fdiagnostic 23ms (cache hit)
71 http fetch GET 200 https://registry.npmjs.org/@parcel%2ffs 28ms (cache hit)
72 http fetch GET 200 https://registry.npmjs.org/@parcel%2fpackage-manager 34ms (cache hit)
73 http fetch GET 200 https://registry.npmjs.org/utility-types 44ms (cache hit)
74 http fetch GET 200 https://registry.npmjs.org/@parcel%2fworkers 46ms (cache hit)
75 timing idealTree:node_modules/@parcel/plugin Completed in 54ms
76 silly placeDep ROOT detect-libc@1.0.3 OK for: @parcel/source-map@2.1.1 want: ^1.0.3
77 timing idealTree:node_modules/@parcel/source-map Completed in 2ms
78 silly fetch manifest @parcel/core@^2.10.3
79 http fetch GET 200 https://registry.npmjs.org/@parcel%2fcore 8ms (cache hit)
80 silly placeDep ROOT @parcel/cache@2.10.3 OK for: @parcel/types@2.10.3 want: 2.10.3
81 silly placeDep ROOT @parcel/core@2.10.3 OK for: @parcel/cache@2.10.3 want: ^2.10.3
82 silly fetch manifest @parcel/logger@2.10.3
83 silly fetch manifest @parcel/utils@2.10.3
84 silly fetch manifest lmdb@2.8.5
85 silly fetch manifest @mischnic/json-sourcemap@^0.1.0
86 silly fetch manifest @parcel/events@2.10.3
87 silly fetch manifest @parcel/graph@3.0.3
88 silly fetch manifest @parcel/profiler@2.10.3
89 silly fetch manifest @parcel/rust@2.10.3
90 silly fetch manifest abortcontroller-polyfill@^1.1.9
91 silly fetch manifest base-x@^3.0.8
92 silly fetch manifest browserslist@^4.6.6
93 silly fetch manifest clone@^2.1.1
94 silly fetch manifest dotenv@^7.0.0
95 silly fetch manifest dotenv-expand@^5.1.0
96 silly fetch manifest json5@^2.2.0
97 silly fetch manifest msgpackr@^1.9.9
98 silly fetch manifest nullthrows@^1.1.1
99 silly fetch manifest semver@^7.5.2
100 silly placeDep ROOT @parcel/diagnostic@2.10.3 OK for: @parcel/types@2.10.3 want: 2.10.3
101 silly placeDep ROOT @parcel/fs@2.10.3 OK for: @parcel/types@2.10.3 want: 2.10.3
102 silly fetch manifest @parcel/watcher@^2.0.7
103 silly placeDep ROOT @parcel/package-manager@2.10.3 OK for: @parcel/types@2.10.3 want: 2.10.3
104 silly fetch manifest @parcel/node-resolver-core@3.1.3
105 silly placeDep ROOT @parcel/workers@2.10.3 OK for: @parcel/types@2.10.3 want: 2.10.3
106 silly placeDep ROOT utility-types@3.10.0 OK for: @parcel/types@2.10.3 want: ^3.10.0
107 http fetch GET 200 https://registry.npmjs.org/lmdb 40ms (cache hit)
108 http fetch GET 200 https://registry.npmjs.org/@mischnic%2fjson-sourcemap 42ms (cache hit)
109 http fetch GET 200 https://registry.npmjs.org/@parcel%2fgraph 42ms (cache hit)
110 http fetch GET 200 https://registry.npmjs.org/@parcel%2fprofiler 43ms (cache hit)
111 http fetch GET 200 https://registry.npmjs.org/@parcel%2futils 48ms (cache hit)
112 http fetch GET 200 https://registry.npmjs.org/@parcel%2frust 52ms (cache hit)
113 http fetch GET 200 https://registry.npmjs.org/base-x 52ms (cache hit)
114 http fetch GET 200 https://registry.npmjs.org/abortcontroller-polyfill 53ms (cache hit)
115 http fetch GET 200 https://registry.npmjs.org/@parcel%2flogger 58ms (cache hit)
116 http fetch GET 200 https://registry.npmjs.org/browserslist 62ms (cache hit)
117 http fetch GET 200 https://registry.npmjs.org/dotenv-expand 63ms (cache hit)
118 http fetch GET 200 https://registry.npmjs.org/@parcel%2fevents 67ms (cache hit)
119 http fetch GET 200 https://registry.npmjs.org/clone 69ms (cache hit)
120 http fetch GET 200 https://registry.npmjs.org/dotenv 69ms (cache hit)
121 http fetch GET 200 https://registry.npmjs.org/json5 70ms (cache hit)
122 http fetch GET 200 https://registry.npmjs.org/semver 71ms (cache hit)
123 http fetch GET 200 https://registry.npmjs.org/@parcel%2fwatcher 69ms (cache hit)
124 http fetch GET 200 https://registry.npmjs.org/msgpackr 73ms (cache hit)
125 http fetch GET 200 https://registry.npmjs.org/nullthrows 74ms (cache hit)
126 http fetch GET 200 https://registry.npmjs.org/@parcel%2fnode-resolver-core 72ms (cache hit)
127 timing idealTree:node_modules/@parcel/types Completed in 108ms
128 silly placeDep ROOT @parcel/logger@2.10.3 OK for: @parcel/cache@2.10.3 want: 2.10.3
129 silly placeDep ROOT @parcel/utils@2.10.3 OK for: @parcel/cache@2.10.3 want: 2.10.3
130 silly fetch manifest @parcel/codeframe@2.10.3
131 silly fetch manifest @parcel/markdown-ansi@2.10.3
132 silly fetch manifest chalk@^4.1.0
133 silly placeDep ROOT lmdb@2.8.5 OK for: @parcel/cache@2.10.3 want: 2.8.5
134 silly fetch manifest msgpackr@^1.9.5
135 silly fetch manifest node-addon-api@^6.1.0
136 silly fetch manifest node-gyp-build-optional-packages@5.1.1
137 silly fetch manifest ordered-binary@^1.4.1
138 silly fetch manifest weak-lru-cache@^1.2.2
139 silly fetch manifest @lmdb/lmdb-darwin-arm64@2.8.5
140 silly fetch manifest @lmdb/lmdb-darwin-x64@2.8.5
141 silly fetch manifest @lmdb/lmdb-linux-arm@2.8.5
142 silly fetch manifest @lmdb/lmdb-linux-arm64@2.8.5
143 silly fetch manifest @lmdb/lmdb-linux-x64@2.8.5
144 silly fetch manifest @lmdb/lmdb-win32-x64@2.8.5
145 http fetch GET 200 https://registry.npmjs.org/node-addon-api 27ms (cache hit)
146 http fetch GET 200 https://registry.npmjs.org/@parcel%2fcodeframe 32ms (cache hit)
147 http fetch GET 200 https://registry.npmjs.org/chalk 37ms (cache hit)
148 http fetch GET 200 https://registry.npmjs.org/ordered-binary 35ms (cache hit)
149 http fetch GET 200 https://registry.npmjs.org/node-gyp-build-optional-packages 35ms (cache hit)
150 http fetch GET 200 https://registry.npmjs.org/@parcel%2fmarkdown-ansi 40ms (cache hit)
151 http fetch GET 200 https://registry.npmjs.org/@lmdb%2flmdb-darwin-arm64 40ms (cache hit)
152 http fetch GET 200 https://registry.npmjs.org/weak-lru-cache 40ms (cache hit)
153 http fetch GET 200 https://registry.npmjs.org/@lmdb%2flmdb-linux-arm 41ms (cache hit)
154 http fetch GET 200 https://registry.npmjs.org/@lmdb%2flmdb-darwin-x64 41ms (cache hit)
155 http fetch GET 200 https://registry.npmjs.org/@lmdb%2flmdb-linux-arm64 41ms (cache hit)
156 http fetch GET 200 https://registry.npmjs.org/@lmdb%2flmdb-linux-x64 41ms (cache hit)
157 http fetch GET 200 https://registry.npmjs.org/@lmdb%2flmdb-win32-x64 42ms (cache hit)
158 timing idealTree:node_modules/@parcel/cache Completed in 51ms
159 silly placeDep ROOT @mischnic/json-sourcemap@0.1.1 OK for: @parcel/core@2.10.3 want: ^0.1.0
160 silly fetch manifest @lezer/common@^1.0.0
161 silly fetch manifest @lezer/lr@^1.0.0
162 silly fetch manifest json5@^2.2.1
163 silly placeDep ROOT @parcel/events@2.10.3 OK for: @parcel/core@2.10.3 want: 2.10.3
164 silly placeDep ROOT @parcel/graph@3.0.3 OK for: @parcel/core@2.10.3 want: 3.0.3
165 silly placeDep ROOT @parcel/profiler@2.10.3 OK for: @parcel/core@2.10.3 want: 2.10.3
166 silly fetch manifest chrome-trace-event@^1.0.2
167 silly placeDep ROOT @parcel/rust@2.10.3 OK for: @parcel/core@2.10.3 want: 2.10.3
168 silly placeDep ROOT abortcontroller-polyfill@1.7.5 OK for: @parcel/core@2.10.3 want: ^1.1.9
169 silly placeDep ROOT base-x@3.0.9 OK for: @parcel/core@2.10.3 want: ^3.0.8
170 silly fetch manifest safe-buffer@^5.0.1
171 silly placeDep ROOT browserslist@4.22.1 OK for: @parcel/core@2.10.3 want: ^4.6.6
172 silly fetch manifest caniuse-lite@^1.0.30001541
173 silly fetch manifest electron-to-chromium@^1.4.535
174 silly fetch manifest node-releases@^2.0.13
175 silly fetch manifest update-browserslist-db@^1.0.13
176 silly placeDep ROOT clone@2.1.2 OK for: @parcel/core@2.10.3 want: ^2.1.1
177 silly placeDep ROOT dotenv@7.0.0 OK for: @parcel/core@2.10.3 want: ^7.0.0
178 silly placeDep ROOT dotenv-expand@5.1.0 OK for: @parcel/core@2.10.3 want: ^5.1.0
179 silly placeDep ROOT json5@2.2.3 OK for: @parcel/core@2.10.3 want: ^2.2.0
180 silly placeDep ROOT msgpackr@1.9.9 OK for: @parcel/core@2.10.3 want: ^1.9.9
181 silly fetch manifest msgpackr-extract@^3.0.2
182 silly placeDep ROOT nullthrows@1.1.1 OK for: @parcel/core@2.10.3 want: ^1.1.1
183 silly placeDep ROOT semver@7.5.4 OK for: @parcel/core@2.10.3 want: ^7.5.2
184 silly fetch manifest lru-cache@^6.0.0
185 http fetch GET 200 https://registry.npmjs.org/@lezer%2fcommon 25ms (cache hit)
186 http fetch GET 200 https://registry.npmjs.org/@lezer%2flr 25ms (cache hit)
187 http fetch GET 200 https://registry.npmjs.org/caniuse-lite 22ms (cache hit)
188 http fetch GET 200 https://registry.npmjs.org/electron-to-chromium 28ms (cache hit)
189 http fetch GET 200 https://registry.npmjs.org/chrome-trace-event 41ms (cache hit)
190 http fetch GET 200 https://registry.npmjs.org/safe-buffer 40ms (cache hit)
191 http fetch GET 200 https://registry.npmjs.org/update-browserslist-db 39ms (cache hit)
192 http fetch GET 200 https://registry.npmjs.org/node-releases 40ms (cache hit)
193 http fetch GET 200 https://registry.npmjs.org/msgpackr-extract 38ms (cache hit)
194 http fetch GET 200 https://registry.npmjs.org/lru-cache 37ms (cache hit)
195 timing idealTree:node_modules/@parcel/core Completed in 56ms
196 silly placeDep ROOT @lezer/common@1.1.1 OK for: @mischnic/json-sourcemap@0.1.1 want: ^1.0.0
197 silly placeDep ROOT @lezer/lr@1.3.14 OK for: @mischnic/json-sourcemap@0.1.1 want: ^1.0.0
198 timing idealTree:node_modules/@mischnic/json-sourcemap Completed in 2ms
199 timing idealTree:node_modules/@lezer/common Completed in 0ms
200 timing idealTree:node_modules/@lezer/lr Completed in 0ms
201 timing idealTree:node_modules/@parcel/diagnostic Completed in 0ms
202 timing idealTree:node_modules/@parcel/events Completed in 0ms
203 silly placeDep ROOT @parcel/watcher@2.3.0 OK for: @parcel/fs@2.10.3 want: ^2.0.7
204 silly fetch manifest is-glob@^4.0.3
205 silly fetch manifest micromatch@^4.0.5
206 silly fetch manifest node-addon-api@^7.0.0
207 silly fetch manifest @parcel/watcher-darwin-x64@2.3.0
208 silly fetch manifest @parcel/watcher-darwin-arm64@2.3.0
209 silly fetch manifest @parcel/watcher-win32-x64@2.3.0
210 silly fetch manifest @parcel/watcher-win32-arm64@2.3.0
211 silly fetch manifest @parcel/watcher-win32-ia32@2.3.0
212 silly fetch manifest @parcel/watcher-linux-x64-glibc@2.3.0
213 silly fetch manifest @parcel/watcher-linux-x64-musl@2.3.0
214 silly fetch manifest @parcel/watcher-linux-arm64-glibc@2.3.0
215 silly fetch manifest @parcel/watcher-linux-arm64-musl@2.3.0
216 silly fetch manifest @parcel/watcher-linux-arm-glibc@2.3.0
217 silly fetch manifest @parcel/watcher-android-arm64@2.3.0
218 silly fetch manifest @parcel/watcher-freebsd-x64@2.3.0
219 http fetch GET 200 https://registry.npmjs.org/is-glob 24ms (cache hit)
220 http fetch GET 200 https://registry.npmjs.org/@parcel%2fwatcher-darwin-arm64 25ms (cache hit)
221 http fetch GET 200 https://registry.npmjs.org/@parcel%2fwatcher-darwin-x64 25ms (cache hit)
222 http fetch GET 200 https://registry.npmjs.org/@parcel%2fwatcher-linux-x64-musl 24ms (cache hit)
223 http fetch GET 200 https://registry.npmjs.org/@parcel%2fwatcher-win32-x64 24ms (cache hit)
224 http fetch GET 200 https://registry.npmjs.org/micromatch 26ms (cache hit)
225 http fetch GET 200 https://registry.npmjs.org/@parcel%2fwatcher-win32-arm64 26ms (cache hit)
226 http fetch GET 200 https://registry.npmjs.org/@parcel%2fwatcher-linux-arm64-musl 25ms (cache hit)
227 http fetch GET 200 https://registry.npmjs.org/@parcel%2fwatcher-linux-x64-glibc 26ms (cache hit)
228 http fetch GET 200 https://registry.npmjs.org/@parcel%2fwatcher-win32-ia32 27ms (cache hit)
229 http fetch GET 200 https://registry.npmjs.org/@parcel%2fwatcher-linux-arm-glibc 26ms (cache hit)
230 http fetch GET 200 https://registry.npmjs.org/@parcel%2fwatcher-linux-arm64-glibc 26ms (cache hit)
231 http fetch GET 200 https://registry.npmjs.org/@parcel%2fwatcher-freebsd-x64 27ms (cache hit)
232 http fetch GET 200 https://registry.npmjs.org/@parcel%2fwatcher-android-arm64 27ms (cache hit)
233 timing idealTree:node_modules/@parcel/fs Completed in 31ms
234 timing idealTree:node_modules/@parcel/graph Completed in 0ms
235 timing idealTree:node_modules/@parcel/logger Completed in 0ms
236 silly placeDep ROOT @parcel/node-resolver-core@3.1.3 OK for: @parcel/package-manager@2.10.3 want: 3.1.3
237 timing idealTree:node_modules/@parcel/package-manager Completed in 2ms
238 timing idealTree:node_modules/@parcel/node-resolver-core Completed in 0ms
239 silly placeDep ROOT chrome-trace-event@1.0.3 OK for: @parcel/profiler@2.10.3 want: ^1.0.2
240 timing idealTree:node_modules/@parcel/profiler Completed in 1ms
241 timing idealTree:node_modules/@parcel/rust Completed in 0ms
242 silly placeDep ROOT @parcel/codeframe@2.10.3 OK for: @parcel/utils@2.10.3 want: 2.10.3
243 silly placeDep ROOT @parcel/markdown-ansi@2.10.3 OK for: @parcel/utils@2.10.3 want: 2.10.3
244 silly placeDep ROOT chalk@4.1.2 OK for: @parcel/utils@2.10.3 want: ^4.1.0
245 silly fetch manifest ansi-styles@^4.1.0
246 silly fetch manifest supports-color@^7.1.0
247 http fetch GET 200 https://registry.npmjs.org/ansi-styles 5ms (cache hit)
248 http fetch GET 200 https://registry.npmjs.org/supports-color 6ms (cache hit)
249 timing idealTree:node_modules/@parcel/utils Completed in 9ms
250 timing idealTree:node_modules/@parcel/codeframe Completed in 0ms
251 timing idealTree:node_modules/@parcel/markdown-ansi Completed in 0ms
252 silly placeDep ROOT @parcel/watcher-android-arm64@2.3.0 OK for: @parcel/watcher@2.3.0 want: 2.3.0
253 silly placeDep ROOT @parcel/watcher-darwin-arm64@2.3.0 OK for: @parcel/watcher@2.3.0 want: 2.3.0
254 silly placeDep ROOT @parcel/watcher-darwin-x64@2.3.0 OK for: @parcel/watcher@2.3.0 want: 2.3.0
255 silly placeDep ROOT @parcel/watcher-freebsd-x64@2.3.0 OK for: @parcel/watcher@2.3.0 want: 2.3.0
256 silly placeDep ROOT @parcel/watcher-linux-arm-glibc@2.3.0 OK for: @parcel/watcher@2.3.0 want: 2.3.0
257 silly placeDep ROOT @parcel/watcher-linux-arm64-glibc@2.3.0 OK for: @parcel/watcher@2.3.0 want: 2.3.0
258 silly placeDep ROOT @parcel/watcher-linux-arm64-musl@2.3.0 OK for: @parcel/watcher@2.3.0 want: 2.3.0
259 silly placeDep ROOT @parcel/watcher-linux-x64-glibc@2.3.0 OK for: @parcel/watcher@2.3.0 want: 2.3.0
260 silly placeDep ROOT @parcel/watcher-linux-x64-musl@2.3.0 OK for: @parcel/watcher@2.3.0 want: 2.3.0
261 silly placeDep ROOT @parcel/watcher-win32-arm64@2.3.0 OK for: @parcel/watcher@2.3.0 want: 2.3.0
262 silly placeDep ROOT @parcel/watcher-win32-ia32@2.3.0 OK for: @parcel/watcher@2.3.0 want: 2.3.0
263 silly placeDep ROOT @parcel/watcher-win32-x64@2.3.0 OK for: @parcel/watcher@2.3.0 want: 2.3.0
264 silly placeDep ROOT is-glob@4.0.3 OK for: @parcel/watcher@2.3.0 want: ^4.0.3
265 silly fetch manifest is-extglob@^2.1.1
266 silly placeDep ROOT micromatch@4.0.5 OK for: @parcel/watcher@2.3.0 want: ^4.0.5
267 silly fetch manifest braces@^3.0.2
268 silly fetch manifest picomatch@^2.3.1
269 silly placeDep ROOT node-addon-api@7.0.0 OK for: @parcel/watcher@2.3.0 want: ^7.0.0
270 http fetch GET 200 https://registry.npmjs.org/is-extglob 6ms (cache hit)
271 http fetch GET 200 https://registry.npmjs.org/braces 8ms (cache hit)
272 http fetch GET 200 https://registry.npmjs.org/picomatch 9ms (cache hit)
273 timing idealTree:node_modules/@parcel/watcher Completed in 20ms
274 timing idealTree:node_modules/@parcel/watcher-android-arm64 Completed in 0ms
275 timing idealTree:node_modules/@parcel/watcher-darwin-arm64 Completed in 0ms
276 timing idealTree:node_modules/@parcel/watcher-darwin-x64 Completed in 0ms
277 timing idealTree:node_modules/@parcel/watcher-freebsd-x64 Completed in 0ms
278 timing idealTree:node_modules/@parcel/watcher-linux-arm-glibc Completed in 0ms
279 timing idealTree:node_modules/@parcel/watcher-linux-arm64-glibc Completed in 0ms
280 timing idealTree:node_modules/@parcel/watcher-linux-arm64-musl Completed in 0ms
281 timing idealTree:node_modules/@parcel/watcher-linux-x64-glibc Completed in 0ms
282 timing idealTree:node_modules/@parcel/watcher-linux-x64-musl Completed in 0ms
283 timing idealTree:node_modules/@parcel/watcher-win32-arm64 Completed in 0ms
284 timing idealTree:node_modules/@parcel/watcher-win32-ia32 Completed in 0ms
285 timing idealTree:node_modules/@parcel/watcher-win32-x64 Completed in 0ms
286 timing idealTree:node_modules/@parcel/workers Completed in 0ms
287 timing idealTree:node_modules/abortcontroller-polyfill Completed in 0ms
288 silly placeDep ROOT safe-buffer@5.2.1 OK for: base-x@3.0.9 want: ^5.0.1
289 timing idealTree:node_modules/base-x Completed in 1ms
290 silly fetch manifest browserslist@>= 4.21.0
291 silly placeDep ROOT caniuse-lite@1.0.30001563 OK for: browserslist@4.22.1 want: ^1.0.30001541
292 silly placeDep ROOT electron-to-chromium@1.4.588 OK for: browserslist@4.22.1 want: ^1.4.535
293 silly placeDep ROOT node-releases@2.0.13 OK for: browserslist@4.22.1 want: ^2.0.13
294 silly placeDep ROOT update-browserslist-db@1.0.13 OK for: browserslist@4.22.1 want: ^1.0.13
295 silly fetch manifest escalade@^3.1.1
296 silly fetch manifest picocolors@^1.0.0
297 http fetch GET 200 https://registry.npmjs.org/escalade 5ms (cache hit)
298 http fetch GET 200 https://registry.npmjs.org/picocolors 5ms (cache hit)
299 timing idealTree:node_modules/browserslist Completed in 9ms
300 timing idealTree:node_modules/caniuse-lite Completed in 0ms
301 silly placeDep ROOT ansi-styles@4.3.0 OK for: chalk@4.1.2 want: ^4.1.0
302 silly fetch manifest color-convert@^2.0.1
303 silly placeDep ROOT supports-color@7.2.0 OK for: chalk@4.1.2 want: ^7.1.0
304 silly fetch manifest has-flag@^4.0.0
305 http fetch GET 200 https://registry.npmjs.org/color-convert 5ms (cache hit)
306 http fetch GET 200 https://registry.npmjs.org/has-flag 5ms (cache hit)
307 timing idealTree:node_modules/chalk Completed in 8ms
308 silly placeDep ROOT color-convert@2.0.1 OK for: ansi-styles@4.3.0 want: ^2.0.1
309 silly fetch manifest color-name@~1.1.4
310 http fetch GET 200 https://registry.npmjs.org/color-name 5ms (cache hit)
311 timing idealTree:node_modules/ansi-styles Completed in 7ms
312 timing idealTree:node_modules/chrome-trace-event Completed in 0ms
313 timing idealTree:node_modules/clone Completed in 0ms
314 silly placeDep ROOT color-name@1.1.4 OK for: color-convert@2.0.1 want: ~1.1.4
315 timing idealTree:node_modules/color-convert Completed in 1ms
316 timing idealTree:node_modules/color-name Completed in 0ms
317 timing idealTree:node_modules/detect-libc Completed in 0ms
318 timing idealTree:node_modules/dotenv Completed in 0ms
319 timing idealTree:node_modules/dotenv-expand Completed in 0ms
320 timing idealTree:node_modules/electron-to-chromium Completed in 0ms
321 silly placeDep ROOT is-extglob@2.1.1 OK for: is-glob@4.0.3 want: ^2.1.1
322 timing idealTree:node_modules/is-glob Completed in 1ms
323 timing idealTree:node_modules/is-extglob Completed in 0ms
324 timing idealTree:node_modules/json5 Completed in 0ms
325 silly placeDep ROOT @lmdb/lmdb-darwin-arm64@2.8.5 OK for: lmdb@2.8.5 want: 2.8.5
326 silly placeDep ROOT @lmdb/lmdb-darwin-x64@2.8.5 OK for: lmdb@2.8.5 want: 2.8.5
327 silly placeDep ROOT @lmdb/lmdb-linux-arm@2.8.5 OK for: lmdb@2.8.5 want: 2.8.5
328 silly placeDep ROOT @lmdb/lmdb-linux-arm64@2.8.5 OK for: lmdb@2.8.5 want: 2.8.5
329 silly placeDep ROOT @lmdb/lmdb-linux-x64@2.8.5 OK for: lmdb@2.8.5 want: 2.8.5
330 silly placeDep ROOT @lmdb/lmdb-win32-x64@2.8.5 OK for: lmdb@2.8.5 want: 2.8.5
331 silly placeDep node_modules/lmdb node-addon-api@6.1.0 OK for: lmdb@2.8.5 want: ^6.1.0
332 silly placeDep ROOT node-gyp-build-optional-packages@5.1.1 OK for: lmdb@2.8.5 want: 5.1.1
333 silly fetch manifest detect-libc@^2.0.1
334 silly placeDep ROOT ordered-binary@1.4.1 OK for: lmdb@2.8.5 want: ^1.4.1
335 silly placeDep ROOT weak-lru-cache@1.2.2 OK for: lmdb@2.8.5 want: ^1.2.2
336 timing idealTree:node_modules/lmdb Completed in 9ms
337 timing idealTree:node_modules/@lmdb/lmdb-darwin-arm64 Completed in 0ms
338 timing idealTree:node_modules/@lmdb/lmdb-darwin-x64 Completed in 0ms
339 timing idealTree:node_modules/@lmdb/lmdb-linux-arm Completed in 0ms
340 timing idealTree:node_modules/@lmdb/lmdb-linux-arm64 Completed in 0ms
341 timing idealTree:node_modules/@lmdb/lmdb-linux-x64 Completed in 0ms
342 timing idealTree:node_modules/@lmdb/lmdb-win32-x64 Completed in 0ms
343 silly placeDep ROOT braces@3.0.2 OK for: micromatch@4.0.5 want: ^3.0.2
344 silly fetch manifest fill-range@^7.0.1
345 silly placeDep ROOT picomatch@2.3.1 OK for: micromatch@4.0.5 want: ^2.3.1
346 http fetch GET 200 https://registry.npmjs.org/fill-range 6ms (cache hit)
347 timing idealTree:node_modules/micromatch Completed in 7ms
348 silly placeDep ROOT fill-range@7.0.1 OK for: braces@3.0.2 want: ^7.0.1
349 silly fetch manifest to-regex-range@^5.0.1
350 http fetch GET 200 https://registry.npmjs.org/to-regex-range 4ms (cache hit)
351 timing idealTree:node_modules/braces Completed in 6ms
352 silly placeDep ROOT to-regex-range@5.0.1 OK for: fill-range@7.0.1 want: ^5.0.1
353 silly fetch manifest is-number@^7.0.0
354 http fetch GET 200 https://registry.npmjs.org/is-number 4ms (cache hit)
355 timing idealTree:node_modules/fill-range Completed in 5ms
356 silly placeDep ROOT msgpackr-extract@3.0.2 OK for: msgpackr@1.9.9 want: ^3.0.2
357 silly fetch manifest node-gyp-build-optional-packages@5.0.7
358 silly fetch manifest @msgpackr-extract/msgpackr-extract-darwin-arm64@3.0.2
359 silly fetch manifest @msgpackr-extract/msgpackr-extract-darwin-x64@3.0.2
360 silly fetch manifest @msgpackr-extract/msgpackr-extract-linux-arm@3.0.2
361 silly fetch manifest @msgpackr-extract/msgpackr-extract-linux-arm64@3.0.2
362 silly fetch manifest @msgpackr-extract/msgpackr-extract-linux-x64@3.0.2
363 silly fetch manifest @msgpackr-extract/msgpackr-extract-win32-x64@3.0.2
364 http fetch GET 200 https://registry.npmjs.org/@msgpackr-extract%2fmsgpackr-extract-darwin-x64 9ms (cache hit)
365 http fetch GET 200 https://registry.npmjs.org/@msgpackr-extract%2fmsgpackr-extract-darwin-arm64 11ms (cache hit)
366 http fetch GET 200 https://registry.npmjs.org/@msgpackr-extract%2fmsgpackr-extract-linux-arm 11ms (cache hit)
367 http fetch GET 200 https://registry.npmjs.org/@msgpackr-extract%2fmsgpackr-extract-linux-arm64 12ms (cache hit)
368 http fetch GET 200 https://registry.npmjs.org/@msgpackr-extract%2fmsgpackr-extract-win32-x64 11ms (cache hit)
369 http fetch GET 200 https://registry.npmjs.org/@msgpackr-extract%2fmsgpackr-extract-linux-x64 12ms (cache hit)
370 timing idealTree:node_modules/msgpackr Completed in 14ms
371 silly placeDep ROOT @msgpackr-extract/msgpackr-extract-darwin-arm64@3.0.2 OK for: msgpackr-extract@3.0.2 want: 3.0.2
372 silly placeDep ROOT @msgpackr-extract/msgpackr-extract-darwin-x64@3.0.2 OK for: msgpackr-extract@3.0.2 want: 3.0.2
373 silly placeDep ROOT @msgpackr-extract/msgpackr-extract-linux-arm@3.0.2 OK for: msgpackr-extract@3.0.2 want: 3.0.2
374 silly placeDep ROOT @msgpackr-extract/msgpackr-extract-linux-arm64@3.0.2 OK for: msgpackr-extract@3.0.2 want: 3.0.2
375 silly placeDep ROOT @msgpackr-extract/msgpackr-extract-linux-x64@3.0.2 OK for: msgpackr-extract@3.0.2 want: 3.0.2
376 silly placeDep ROOT @msgpackr-extract/msgpackr-extract-win32-x64@3.0.2 OK for: msgpackr-extract@3.0.2 want: 3.0.2
377 silly placeDep node_modules/msgpackr-extract node-gyp-build-optional-packages@5.0.7 OK for: msgpackr-extract@3.0.2 want: 5.0.7
378 timing idealTree:node_modules/msgpackr-extract Completed in 5ms
379 timing idealTree:node_modules/@msgpackr-extract/msgpackr-extract-darwin-arm64 Completed in 0ms
380 timing idealTree:node_modules/@msgpackr-extract/msgpackr-extract-darwin-x64 Completed in 0ms
381 timing idealTree:node_modules/@msgpackr-extract/msgpackr-extract-linux-arm Completed in 0ms
382 timing idealTree:node_modules/@msgpackr-extract/msgpackr-extract-linux-arm64 Completed in 0ms
383 timing idealTree:node_modules/@msgpackr-extract/msgpackr-extract-linux-x64 Completed in 0ms
384 timing idealTree:node_modules/@msgpackr-extract/msgpackr-extract-win32-x64 Completed in 0ms
385 timing idealTree:node_modules/node-addon-api Completed in 0ms
386 silly placeDep node_modules/node-gyp-build-optional-packages detect-libc@2.0.2 OK for: node-gyp-build-optional-packages@5.1.1 want: ^2.0.1
387 timing idealTree:node_modules/node-gyp-build-optional-packages Completed in 1ms
388 timing idealTree:node_modules/node-releases Completed in 0ms
389 timing idealTree:node_modules/nullthrows Completed in 0ms
390 timing idealTree:node_modules/ordered-binary Completed in 0ms
391 timing idealTree:node_modules/picomatch Completed in 0ms
392 timing idealTree:node_modules/safe-buffer Completed in 0ms
393 silly placeDep ROOT chokidar@3.5.3 OK for: sass@1.69.5 want: >=3.0.0 <4.0.0
394 silly fetch manifest anymatch@~3.1.2
395 silly fetch manifest glob-parent@~5.1.2
396 silly fetch manifest is-binary-path@~2.1.0
397 silly fetch manifest normalize-path@~3.0.0
398 silly fetch manifest readdirp@~3.6.0
399 silly fetch manifest fsevents@~2.3.2
400 silly placeDep ROOT immutable@4.3.4 OK for: sass@1.69.5 want: ^4.0.0
401 silly placeDep ROOT source-map-js@1.0.2 OK for: sass@1.69.5 want: >=0.6.2 <2.0.0
402 http fetch GET 200 https://registry.npmjs.org/glob-parent 75ms (cache revalidated)
403 http fetch GET 200 https://registry.npmjs.org/anymatch 78ms (cache revalidated)
404 http fetch GET 200 https://registry.npmjs.org/readdirp 107ms (cache revalidated)
405 http fetch GET 200 https://registry.npmjs.org/normalize-path 108ms (cache revalidated)
406 http fetch GET 200 https://registry.npmjs.org/is-binary-path 113ms (cache revalidated)
407 http fetch GET 200 https://registry.npmjs.org/fsevents 172ms (cache revalidated)
408 timing idealTree:node_modules/sass Completed in 176ms
409 silly placeDep ROOT anymatch@3.1.3 OK for: chokidar@3.5.3 want: ~3.1.2
410 silly fetch manifest normalize-path@^3.0.0
411 silly placeDep ROOT fsevents@2.3.3 OK for: chokidar@3.5.3 want: ~2.3.2
412 silly placeDep ROOT glob-parent@5.1.2 OK for: chokidar@3.5.3 want: ~5.1.2
413 silly placeDep ROOT is-binary-path@2.1.0 OK for: chokidar@3.5.3 want: ~2.1.0
414 silly fetch manifest binary-extensions@^2.0.0
415 silly placeDep ROOT normalize-path@3.0.0 OK for: chokidar@3.5.3 want: ~3.0.0
416 silly placeDep ROOT readdirp@3.6.0 OK for: chokidar@3.5.3 want: ~3.6.0
417 http fetch GET 200 https://registry.npmjs.org/binary-extensions 53ms (cache revalidated)
418 timing idealTree:node_modules/chokidar Completed in 66ms
419 timing idealTree:node_modules/anymatch Completed in 0ms
420 timing idealTree:node_modules/fsevents Completed in 0ms
421 timing idealTree:node_modules/glob-parent Completed in 0ms
422 timing idealTree:node_modules/immutable Completed in 0ms
423 silly placeDep ROOT binary-extensions@2.2.0 OK for: is-binary-path@2.1.0 want: ^2.0.0
424 timing idealTree:node_modules/is-binary-path Completed in 1ms
425 timing idealTree:node_modules/binary-extensions Completed in 0ms
426 timing idealTree:node_modules/normalize-path Completed in 0ms
427 timing idealTree:node_modules/readdirp Completed in 0ms
428 silly placeDep ROOT lru-cache@6.0.0 OK for: semver@7.5.4 want: ^6.0.0
429 silly fetch manifest yallist@^4.0.0
430 http fetch GET 200 https://registry.npmjs.org/yallist 6ms (cache hit)
431 timing idealTree:node_modules/semver Completed in 7ms
432 silly placeDep ROOT yallist@4.0.0 OK for: lru-cache@6.0.0 want: ^4.0.0
433 timing idealTree:node_modules/lru-cache Completed in 1ms
434 timing idealTree:node_modules/source-map-js Completed in 1ms
435 silly placeDep ROOT has-flag@4.0.0 OK for: supports-color@7.2.0 want: ^4.0.0
436 timing idealTree:node_modules/supports-color Completed in 1ms
437 timing idealTree:node_modules/has-flag Completed in 0ms
438 silly placeDep ROOT is-number@7.0.0 OK for: to-regex-range@5.0.1 want: ^7.0.0
439 timing idealTree:node_modules/to-regex-range Completed in 1ms
440 timing idealTree:node_modules/is-number Completed in 0ms
441 silly placeDep ROOT escalade@3.1.1 OK for: update-browserslist-db@1.0.13 want: ^3.1.1
442 silly placeDep ROOT picocolors@1.0.0 OK for: update-browserslist-db@1.0.13 want: ^1.0.0
443 timing idealTree:node_modules/update-browserslist-db Completed in 2ms
444 timing idealTree:node_modules/escalade Completed in 0ms
445 timing idealTree:node_modules/picocolors Completed in 0ms
446 timing idealTree:node_modules/utility-types Completed in 0ms
447 timing idealTree:node_modules/weak-lru-cache Completed in 0ms
448 timing idealTree:node_modules/yallist Completed in 0ms
449 timing idealTree:node_modules/lmdb/node_modules/node-addon-api Completed in 0ms
450 timing idealTree:node_modules/msgpackr-extract/node_modules/node-gyp-build-optional-packages Completed in 0ms
451 timing idealTree:node_modules/node-gyp-build-optional-packages/node_modules/detect-libc Completed in 0ms
452 timing idealTree:buildDeps Completed in 2672ms
453 timing idealTree:fixDepFlags Completed in 1ms
454 timing idealTree Completed in 2690ms
455 timing reify:loadTrees Completed in 2691ms
456 timing reify:diffTrees Completed in 3ms
457 silly reify moves {}
458 timing reify:retireShallow Completed in 1ms
459 timing reify:createSparse Completed in 38ms
460 timing reify:loadBundles Completed in 0ms
461 silly audit bulk request {
461 silly audit   'js-tokens': [ '4.0.0' ],
461 silly audit   'loose-envify': [ '1.4.0' ],
461 silly audit   react: [ '18.2.0' ],
461 silly audit   'react-dom': [ '18.2.0' ],
461 silly audit   scheduler: [ '0.23.0' ],
461 silly audit   '@parcel/transformer-sass': [ '2.10.3' ],
461 silly audit   '@parcel/plugin': [ '2.10.3' ],
461 silly audit   '@parcel/source-map': [ '2.1.1' ],
461 silly audit   sass: [ '1.69.5' ],
461 silly audit   '@parcel/types': [ '2.10.3' ],
461 silly audit   'detect-libc': [ '1.0.3', '2.0.2' ],
461 silly audit   '@parcel/cache': [ '2.10.3' ],
461 silly audit   '@parcel/core': [ '2.10.3' ],
461 silly audit   '@parcel/diagnostic': [ '2.10.3' ],
461 silly audit   '@parcel/fs': [ '2.10.3' ],
461 silly audit   '@parcel/package-manager': [ '2.10.3' ],
461 silly audit   '@parcel/workers': [ '2.10.3' ],
461 silly audit   'utility-types': [ '3.10.0' ],
461 silly audit   '@parcel/logger': [ '2.10.3' ],
461 silly audit   '@parcel/utils': [ '2.10.3' ],
461 silly audit   lmdb: [ '2.8.5' ],
461 silly audit   '@mischnic/json-sourcemap': [ '0.1.1' ],
461 silly audit   '@parcel/events': [ '2.10.3' ],
461 silly audit   '@parcel/graph': [ '3.0.3' ],
461 silly audit   '@parcel/profiler': [ '2.10.3' ],
461 silly audit   '@parcel/rust': [ '2.10.3' ],
461 silly audit   'abortcontroller-polyfill': [ '1.7.5' ],
461 silly audit   'base-x': [ '3.0.9' ],
461 silly audit   browserslist: [ '4.22.1' ],
461 silly audit   clone: [ '2.1.2' ],
461 silly audit   dotenv: [ '7.0.0' ],
461 silly audit   'dotenv-expand': [ '5.1.0' ],
461 silly audit   json5: [ '2.2.3' ],
461 silly audit   msgpackr: [ '1.9.9' ],
461 silly audit   nullthrows: [ '1.1.1' ],
461 silly audit   semver: [ '7.5.4' ],
461 silly audit   '@lezer/common': [ '1.1.1' ],
461 silly audit   '@lezer/lr': [ '1.3.14' ],
461 silly audit   '@parcel/watcher': [ '2.3.0' ],
461 silly audit   '@parcel/node-resolver-core': [ '3.1.3' ],
461 silly audit   'chrome-trace-event': [ '1.0.3' ],
461 silly audit   '@parcel/codeframe': [ '2.10.3' ],
461 silly audit   '@parcel/markdown-ansi': [ '2.10.3' ],
461 silly audit   chalk: [ '4.1.2' ],
461 silly audit   '@parcel/watcher-android-arm64': [ '2.3.0' ],
461 silly audit   '@parcel/watcher-darwin-arm64': [ '2.3.0' ],
461 silly audit   '@parcel/watcher-darwin-x64': [ '2.3.0' ],
461 silly audit   '@parcel/watcher-freebsd-x64': [ '2.3.0' ],
461 silly audit   '@parcel/watcher-linux-arm-glibc': [ '2.3.0' ],
461 silly audit   '@parcel/watcher-linux-arm64-glibc': [ '2.3.0' ],
461 silly audit   '@parcel/watcher-linux-arm64-musl': [ '2.3.0' ],
461 silly audit   '@parcel/watcher-linux-x64-glibc': [ '2.3.0' ],
461 silly audit   '@parcel/watcher-linux-x64-musl': [ '2.3.0' ],
461 silly audit   '@parcel/watcher-win32-arm64': [ '2.3.0' ],
461 silly audit   '@parcel/watcher-win32-ia32': [ '2.3.0' ],
461 silly audit   '@parcel/watcher-win32-x64': [ '2.3.0' ],
461 silly audit   'is-glob': [ '4.0.3' ],
461 silly audit   micromatch: [ '4.0.5' ],
461 silly audit   'node-addon-api': [ '7.0.0', '6.1.0' ],
461 silly audit   'safe-buffer': [ '5.2.1' ],
461 silly audit   'caniuse-lite': [ '1.0.30001563' ],
461 silly audit   'electron-to-chromium': [ '1.4.588' ],
461 silly audit   'node-releases': [ '2.0.13' ],
461 silly audit   'update-browserslist-db': [ '1.0.13' ],
461 silly audit   'ansi-styles': [ '4.3.0' ],
461 silly audit   'supports-color': [ '7.2.0' ],
461 silly audit   'color-convert': [ '2.0.1' ],
461 silly audit   'color-name': [ '1.1.4' ],
461 silly audit   'is-extglob': [ '2.1.1' ],
461 silly audit   '@lmdb/lmdb-darwin-arm64': [ '2.8.5' ],
461 silly audit   '@lmdb/lmdb-darwin-x64': [ '2.8.5' ],
461 silly audit   '@lmdb/lmdb-linux-arm': [ '2.8.5' ],
461 silly audit   '@lmdb/lmdb-linux-arm64': [ '2.8.5' ],
461 silly audit   '@lmdb/lmdb-linux-x64': [ '2.8.5' ],
461 silly audit   '@lmdb/lmdb-win32-x64': [ '2.8.5' ],
461 silly audit   'node-gyp-build-optional-packages': [ '5.1.1', '5.0.7' ],
461 silly audit   'ordered-binary': [ '1.4.1' ],
461 silly audit   'weak-lru-cache': [ '1.2.2' ],
461 silly audit   braces: [ '3.0.2' ],
461 silly audit   picomatch: [ '2.3.1' ],
461 silly audit   'fill-range': [ '7.0.1' ],
461 silly audit   'to-regex-range': [ '5.0.1' ],
461 silly audit   'msgpackr-extract': [ '3.0.2' ],
461 silly audit   '@msgpackr-extract/msgpackr-extract-darwin-arm64': [ '3.0.2' ],
461 silly audit   '@msgpackr-extract/msgpackr-extract-darwin-x64': [ '3.0.2' ],
461 silly audit   '@msgpackr-extract/msgpackr-extract-linux-arm': [ '3.0.2' ],
461 silly audit   '@msgpackr-extract/msgpackr-extract-linux-arm64': [ '3.0.2' ],
461 silly audit   '@msgpackr-extract/msgpackr-extract-linux-x64': [ '3.0.2' ],
461 silly audit   '@msgpackr-extract/msgpackr-extract-win32-x64': [ '3.0.2' ],
461 silly audit   chokidar: [ '3.5.3' ],
461 silly audit   immutable: [ '4.3.4' ],
461 silly audit   'source-map-js': [ '1.0.2' ],
461 silly audit   anymatch: [ '3.1.3' ],
461 silly audit   fsevents: [ '2.3.3' ],
461 silly audit   'glob-parent': [ '5.1.2' ],
461 silly audit   'is-binary-path': [ '2.1.0' ],
461 silly audit   'normalize-path': [ '3.0.0' ],
461 silly audit   readdirp: [ '3.6.0' ],
461 silly audit   'binary-extensions': [ '2.2.0' ],
461 silly audit   'lru-cache': [ '6.0.0' ],
461 silly audit   yallist: [ '4.0.0' ],
461 silly audit   'has-flag': [ '4.0.0' ],
461 silly audit   'is-number': [ '7.0.0' ],
461 silly audit   escalade: [ '3.1.1' ],
461 silly audit   picocolors: [ '1.0.0' ]
461 silly audit }
462 verbose reify failed optional dependency C:\Users\Rowan\Desktop\Career Foundry\4 Client-Side Programming & React\myFlix-client\node_modules\fsevents
463 silly reify mark deleted [
463 silly reify   'C:\\Users\\Rowan\\Desktop\\Career Foundry\\4 Client-Side Programming & React\\myFlix-client\\node_modules\\fsevents'
463 silly reify ]
464 verbose reify failed optional dependency C:\Users\Rowan\Desktop\Career Foundry\4 Client-Side Programming & React\myFlix-client\node_modules\@msgpackr-extract\msgpackr-extract-linux-x64
465 silly reify mark deleted [
465 silly reify   'C:\\Users\\Rowan\\Desktop\\Career Foundry\\4 Client-Side Programming & React\\myFlix-client\\node_modules\\@msgpackr-extract\\msgpackr-extract-linux-x64'
465 silly reify ]
466 verbose reify failed optional dependency C:\Users\Rowan\Desktop\Career Foundry\4 Client-Side Programming & React\myFlix-client\node_modules\@msgpackr-extract\msgpackr-extract-linux-arm64
467 silly reify mark deleted [
467 silly reify   'C:\\Users\\Rowan\\Desktop\\Career Foundry\\4 Client-Side Programming & React\\myFlix-client\\node_modules\\@msgpackr-extract\\msgpackr-extract-linux-arm64'
467 silly reify ]
468 verbose reify failed optional dependency C:\Users\Rowan\Desktop\Career Foundry\4 Client-Side Programming & React\myFlix-client\node_modules\@msgpackr-extract\msgpackr-extract-linux-arm
469 silly reify mark deleted [
469 silly reify   'C:\\Users\\Rowan\\Desktop\\Career Foundry\\4 Client-Side Programming & React\\myFlix-client\\node_modules\\@msgpackr-extract\\msgpackr-extract-linux-arm'
469 silly reify ]
470 verbose reify failed optional dependency C:\Users\Rowan\Desktop\Career Foundry\4 Client-Side Programming & React\myFlix-client\node_modules\@msgpackr-extract\msgpackr-extract-darwin-x64
471 silly reify mark deleted [
471 silly reify   'C:\\Users\\Rowan\\Desktop\\Career Foundry\\4 Client-Side Programming & React\\myFlix-client\\node_modules\\@msgpackr-extract\\msgpackr-extract-darwin-x64'
471 silly reify ]
472 verbose reify failed optional dependency C:\Users\Rowan\Desktop\Career Foundry\4 Client-Side Programming & React\myFlix-client\node_modules\@msgpackr-extract\msgpackr-extract-darwin-arm64
473 silly reify mark deleted [
473 silly reify   'C:\\Users\\Rowan\\Desktop\\Career Foundry\\4 Client-Side Programming & React\\myFlix-client\\node_modules\\@msgpackr-extract\\msgpackr-extract-darwin-arm64'
473 silly reify ]
474 verbose reify failed optional dependency C:\Users\Rowan\Desktop\Career Foundry\4 Client-Side Programming & React\myFlix-client\node_modules\@lmdb\lmdb-linux-x64
475 silly reify mark deleted [
475 silly reify   'C:\\Users\\Rowan\\Desktop\\Career Foundry\\4 Client-Side Programming & React\\myFlix-client\\node_modules\\@lmdb\\lmdb-linux-x64'
475 silly reify ]
476 verbose reify failed optional dependency C:\Users\Rowan\Desktop\Career Foundry\4 Client-Side Programming & React\myFlix-client\node_modules\@lmdb\lmdb-linux-arm64
477 silly reify mark deleted [
477 silly reify   'C:\\Users\\Rowan\\Desktop\\Career Foundry\\4 Client-Side Programming & React\\myFlix-client\\node_modules\\@lmdb\\lmdb-linux-arm64'
477 silly reify ]
478 verbose reify failed optional dependency C:\Users\Rowan\Desktop\Career Foundry\4 Client-Side Programming & React\myFlix-client\node_modules\@lmdb\lmdb-linux-arm
479 silly reify mark deleted [
479 silly reify   'C:\\Users\\Rowan\\Desktop\\Career Foundry\\4 Client-Side Programming & React\\myFlix-client\\node_modules\\@lmdb\\lmdb-linux-arm'
479 silly reify ]
480 verbose reify failed optional dependency C:\Users\Rowan\Desktop\Career Foundry\4 Client-Side Programming & React\myFlix-client\node_modules\@lmdb\lmdb-darwin-x64
481 silly reify mark deleted [
481 silly reify   'C:\\Users\\Rowan\\Desktop\\Career Foundry\\4 Client-Side Programming & React\\myFlix-client\\node_modules\\@lmdb\\lmdb-darwin-x64'
481 silly reify ]
482 verbose reify failed optional dependency C:\Users\Rowan\Desktop\Career Foundry\4 Client-Side Programming & React\myFlix-client\node_modules\@lmdb\lmdb-darwin-arm64
483 silly reify mark deleted [
483 silly reify   'C:\\Users\\Rowan\\Desktop\\Career Foundry\\4 Client-Side Programming & React\\myFlix-client\\node_modules\\@lmdb\\lmdb-darwin-arm64'
483 silly reify ]
484 verbose reify failed optional dependency C:\Users\Rowan\Desktop\Career Foundry\4 Client-Side Programming & React\myFlix-client\node_modules\@parcel\watcher-win32-ia32
485 silly reify mark deleted [
485 silly reify   'C:\\Users\\Rowan\\Desktop\\Career Foundry\\4 Client-Side Programming & React\\myFlix-client\\node_modules\\@parcel\\watcher-win32-ia32'
485 silly reify ]
486 verbose reify failed optional dependency C:\Users\Rowan\Desktop\Career Foundry\4 Client-Side Programming & React\myFlix-client\node_modules\@parcel\watcher-win32-arm64
487 silly reify mark deleted [
487 silly reify   'C:\\Users\\Rowan\\Desktop\\Career Foundry\\4 Client-Side Programming & React\\myFlix-client\\node_modules\\@parcel\\watcher-win32-arm64'
487 silly reify ]
488 verbose reify failed optional dependency C:\Users\Rowan\Desktop\Career Foundry\4 Client-Side Programming & React\myFlix-client\node_modules\@parcel\watcher-linux-x64-musl
489 silly reify mark deleted [
489 silly reify   'C:\\Users\\Rowan\\Desktop\\Career Foundry\\4 Client-Side Programming & React\\myFlix-client\\node_modules\\@parcel\\watcher-linux-x64-musl'
489 silly reify ]
490 verbose reify failed optional dependency C:\Users\Rowan\Desktop\Career Foundry\4 Client-Side Programming & React\myFlix-client\node_modules\@parcel\watcher-linux-x64-glibc
491 silly reify mark deleted [
491 silly reify   'C:\\Users\\Rowan\\Desktop\\Career Foundry\\4 Client-Side Programming & React\\myFlix-client\\node_modules\\@parcel\\watcher-linux-x64-glibc'
491 silly reify ]
492 verbose reify failed optional dependency C:\Users\Rowan\Desktop\Career Foundry\4 Client-Side Programming & React\myFlix-client\node_modules\@parcel\watcher-linux-arm64-musl
493 silly reify mark deleted [
493 silly reify   'C:\\Users\\Rowan\\Desktop\\Career Foundry\\4 Client-Side Programming & React\\myFlix-client\\node_modules\\@parcel\\watcher-linux-arm64-musl'
493 silly reify ]
494 verbose reify failed optional dependency C:\Users\Rowan\Desktop\Career Foundry\4 Client-Side Programming & React\myFlix-client\node_modules\@parcel\watcher-linux-arm64-glibc
495 silly reify mark deleted [
495 silly reify   'C:\\Users\\Rowan\\Desktop\\Career Foundry\\4 Client-Side Programming & React\\myFlix-client\\node_modules\\@parcel\\watcher-linux-arm64-glibc'
495 silly reify ]
496 verbose reify failed optional dependency C:\Users\Rowan\Desktop\Career Foundry\4 Client-Side Programming & React\myFlix-client\node_modules\@parcel\watcher-linux-arm-glibc
497 silly reify mark deleted [
497 silly reify   'C:\\Users\\Rowan\\Desktop\\Career Foundry\\4 Client-Side Programming & React\\myFlix-client\\node_modules\\@parcel\\watcher-linux-arm-glibc'
497 silly reify ]
498 verbose reify failed optional dependency C:\Users\Rowan\Desktop\Career Foundry\4 Client-Side Programming & React\myFlix-client\node_modules\@parcel\watcher-freebsd-x64
499 silly reify mark deleted [
499 silly reify   'C:\\Users\\Rowan\\Desktop\\Career Foundry\\4 Client-Side Programming & React\\myFlix-client\\node_modules\\@parcel\\watcher-freebsd-x64'
499 silly reify ]
500 verbose reify failed optional dependency C:\Users\Rowan\Desktop\Career Foundry\4 Client-Side Programming & React\myFlix-client\node_modules\@parcel\watcher-darwin-x64
501 silly reify mark deleted [
501 silly reify   'C:\\Users\\Rowan\\Desktop\\Career Foundry\\4 Client-Side Programming & React\\myFlix-client\\node_modules\\@parcel\\watcher-darwin-x64'
501 silly reify ]
502 verbose reify failed optional dependency C:\Users\Rowan\Desktop\Career Foundry\4 Client-Side Programming & React\myFlix-client\node_modules\@parcel\watcher-darwin-arm64
503 silly reify mark deleted [
503 silly reify   'C:\\Users\\Rowan\\Desktop\\Career Foundry\\4 Client-Side Programming & React\\myFlix-client\\node_modules\\@parcel\\watcher-darwin-arm64'
503 silly reify ]
504 verbose reify failed optional dependency C:\Users\Rowan\Desktop\Career Foundry\4 Client-Side Programming & React\myFlix-client\node_modules\@parcel\watcher-android-arm64
505 silly reify mark deleted [
505 silly reify   'C:\\Users\\Rowan\\Desktop\\Career Foundry\\4 Client-Side Programming & React\\myFlix-client\\node_modules\\@parcel\\watcher-android-arm64'
505 silly reify ]
506 timing reifyNode:node_modules/fsevents Completed in 13ms
507 timing reifyNode:node_modules/@msgpackr-extract/msgpackr-extract-linux-x64 Completed in 14ms
508 timing reifyNode:node_modules/@msgpackr-extract/msgpackr-extract-linux-arm64 Completed in 14ms
509 timing reifyNode:node_modules/@msgpackr-extract/msgpackr-extract-linux-arm Completed in 14ms
510 timing reifyNode:node_modules/@msgpackr-extract/msgpackr-extract-darwin-x64 Completed in 14ms
511 timing reifyNode:node_modules/@msgpackr-extract/msgpackr-extract-darwin-arm64 Completed in 14ms
512 timing reifyNode:node_modules/@lmdb/lmdb-linux-x64 Completed in 14ms
513 timing reifyNode:node_modules/@lmdb/lmdb-linux-arm64 Completed in 14ms
514 timing reifyNode:node_modules/@lmdb/lmdb-linux-arm Completed in 14ms
515 timing reifyNode:node_modules/@lmdb/lmdb-darwin-x64 Completed in 14ms
516 timing reifyNode:node_modules/@lmdb/lmdb-darwin-arm64 Completed in 14ms
517 timing reifyNode:node_modules/@parcel/watcher-win32-ia32 Completed in 13ms
518 timing reifyNode:node_modules/@parcel/watcher-win32-arm64 Completed in 13ms
519 timing reifyNode:node_modules/@parcel/watcher-linux-x64-musl Completed in 13ms
520 timing reifyNode:node_modules/@parcel/watcher-linux-x64-glibc Completed in 13ms
521 timing reifyNode:node_modules/@parcel/watcher-linux-arm64-musl Completed in 13ms
522 timing reifyNode:node_modules/@parcel/watcher-linux-arm64-glibc Completed in 13ms
523 timing reifyNode:node_modules/@parcel/watcher-linux-arm-glibc Completed in 13ms
524 timing reifyNode:node_modules/@parcel/watcher-freebsd-x64 Completed in 13ms
525 timing reifyNode:node_modules/@parcel/watcher-darwin-x64 Completed in 13ms
526 timing reifyNode:node_modules/@parcel/watcher-darwin-arm64 Completed in 13ms
527 timing reifyNode:node_modules/@parcel/watcher-android-arm64 Completed in 13ms
528 http fetch POST 200 https://registry.npmjs.org/-/npm/v1/security/advisories/bulk 864ms
529 timing auditReport:getReport Completed in 867ms
530 silly audit report {}
531 timing auditReport:init Completed in 0ms
532 timing reify:audit Completed in 868ms
533 timing reifyNode:node_modules/is-number Completed in 939ms
534 timing reifyNode:node_modules/normalize-path Completed in 939ms
535 timing reifyNode:node_modules/is-extglob Completed in 939ms
536 timing reifyNode:node_modules/color-name Completed in 939ms
537 timing reifyNode:node_modules/lru-cache Completed in 945ms
538 timing reifyNode:node_modules/to-regex-range Completed in 945ms
539 timing reifyNode:node_modules/fill-range Completed in 945ms
540 timing reifyNode:node_modules/is-glob Completed in 945ms
541 timing reifyNode:node_modules/micromatch Completed in 951ms
542 timing reifyNode:node_modules/@parcel/transformer-sass Completed in 953ms
543 timing reifyNode:node_modules/has-flag Completed in 962ms
544 timing reifyNode:node_modules/is-binary-path Completed in 963ms
545 timing reifyNode:node_modules/anymatch Completed in 962ms
546 timing reifyNode:node_modules/glob-parent Completed in 962ms
547 timing reifyNode:node_modules/supports-color Completed in 963ms
548 timing reifyNode:node_modules/yallist Completed in 968ms
549 timing reifyNode:node_modules/readdirp Completed in 969ms
550 timing reifyNode:node_modules/ansi-styles Completed in 969ms
551 timing reifyNode:node_modules/safe-buffer Completed in 973ms
552 timing reifyNode:node_modules/base-x Completed in 973ms
553 timing reifyNode:node_modules/@parcel/plugin Completed in 974ms
554 timing reifyNode:node_modules/@parcel/markdown-ansi Completed in 978ms
555 timing reifyNode:node_modules/nullthrows Completed in 981ms
556 timing reifyNode:node_modules/@parcel/logger Completed in 983ms
557 timing reifyNode:node_modules/dotenv-expand Completed in 986ms
558 timing reifyNode:node_modules/clone Completed in 986ms
559 timing reifyNode:node_modules/node-releases Completed in 990ms
560 timing reifyNode:node_modules/@mischnic/json-sourcemap Completed in 991ms
561 timing reifyNode:node_modules/binary-extensions Completed in 997ms
562 timing reifyNode:node_modules/picocolors Completed in 997ms
563 timing reifyNode:node_modules/detect-libc Completed in 995ms
564 timing reifyNode:node_modules/node-gyp-build-optional-packages Completed in 997ms
565 timing reifyNode:node_modules/msgpackr-extract/node_modules/node-gyp-build-optional-packages Completed in 1000ms
566 timing reifyNode:node_modules/color-convert Completed in 1002ms
567 timing reifyNode:node_modules/@parcel/watcher Completed in 1001ms
568 timing reifyNode:node_modules/msgpackr-extract Completed in 1005ms
569 timing reifyNode:node_modules/chrome-trace-event Completed in 1005ms
570 timing reifyNode:node_modules/node-gyp-build-optional-packages/node_modules/detect-libc Completed in 1008ms
571 timing reifyNode:node_modules/chalk Completed in 1008ms
572 timing reifyNode:node_modules/@parcel/node-resolver-core Completed in 1009ms
573 timing reifyNode:node_modules/update-browserslist-db Completed in 1012ms
574 timing reifyNode:node_modules/@msgpackr-extract/msgpackr-extract-win32-x64 Completed in 1015ms
575 timing reifyNode:node_modules/@parcel/diagnostic Completed in 1014ms
576 timing reifyNode:node_modules/dotenv Completed in 1017ms
577 timing reifyNode:node_modules/escalade Completed in 1028ms
578 timing reifyNode:node_modules/@parcel/types Completed in 1025ms
579 timing reifyNode:node_modules/chokidar Completed in 1031ms
580 timing reifyNode:node_modules/weak-lru-cache Completed in 1032ms
581 timing reifyNode:node_modules/@lezer/common Completed in 1040ms
582 timing reifyNode:node_modules/picomatch Completed in 1046ms
583 timing reifyNode:node_modules/browserslist Completed in 1046ms
584 timing reifyNode:node_modules/braces Completed in 1049ms
585 timing reifyNode:node_modules/@lezer/lr Completed in 1049ms
586 timing reifyNode:node_modules/@parcel/watcher-win32-x64 Completed in 1050ms
587 timing reifyNode:node_modules/@parcel/profiler Completed in 1062ms
588 timing reifyNode:node_modules/@parcel/events Completed in 1069ms
589 timing reifyNode:node_modules/abortcontroller-polyfill Completed in 1075ms
590 timing reifyNode:node_modules/ordered-binary Completed in 1082ms
591 timing reifyNode:node_modules/electron-to-chromium Completed in 1087ms
592 timing reifyNode:node_modules/source-map-js Completed in 1094ms
593 timing reifyNode:node_modules/immutable Completed in 1096ms
594 timing reifyNode:node_modules/@parcel/cache Completed in 1097ms
595 timing reifyNode:node_modules/utility-types Completed in 1111ms
596 timing reifyNode:node_modules/@parcel/fs Completed in 1120ms
597 timing reifyNode:node_modules/json5 Completed in 1122ms
598 timing reifyNode:node_modules/node-addon-api Completed in 1124ms
599 timing reifyNode:node_modules/@parcel/graph Completed in 1125ms
600 timing reifyNode:node_modules/lmdb/node_modules/node-addon-api Completed in 1125ms
601 timing reifyNode:node_modules/@lmdb/lmdb-win32-x64 Completed in 1155ms
602 timing reifyNode:node_modules/@parcel/codeframe Completed in 1205ms
603 timing reifyNode:node_modules/semver Completed in 1211ms
604 timing reifyNode:node_modules/@parcel/workers Completed in 1225ms
605 timing reifyNode:node_modules/@parcel/package-manager Completed in 1229ms
606 timing reifyNode:node_modules/msgpackr Completed in 1250ms
607 timing reifyNode:node_modules/sass Completed in 1325ms
608 timing reifyNode:node_modules/@parcel/utils Completed in 1340ms
609 timing reifyNode:node_modules/@parcel/source-map Completed in 1358ms
610 timing reifyNode:node_modules/lmdb Completed in 1464ms
611 timing reifyNode:node_modules/@parcel/core Completed in 1569ms
612 timing reifyNode:node_modules/caniuse-lite Completed in 2417ms
613 timing reifyNode:node_modules/@parcel/rust Completed in 2440ms
614 timing reify:unpack Completed in 2442ms
615 timing reify:unretire Completed in 1ms
616 timing build:queue Completed in 4ms
617 timing build:link:node_modules/detect-libc Completed in 24ms
618 timing build:link:node_modules/browserslist Completed in 25ms
619 timing build:link:node_modules/lmdb Completed in 25ms
620 timing build:link:node_modules/json5 Completed in 25ms
621 timing build:link:node_modules/msgpackr-extract Completed in 25ms
622 timing build:link:node_modules/node-gyp-build-optional-packages Completed in 24ms
623 timing build:link:node_modules/update-browserslist-db Completed in 24ms
624 timing build:link:node_modules/sass Completed in 24ms
625 timing build:link:node_modules/semver Completed in 24ms
626 timing build:link:node_modules/msgpackr-extract/node_modules/node-gyp-build-optional-packages Completed in 24ms
627 timing build:link Completed in 26ms
628 info run lmdb@2.8.5 install node_modules/lmdb node-gyp-build-optional-packages
629 info run msgpackr-extract@3.0.2 install node_modules/msgpackr-extract node-gyp-build-optional-packages
630 info run lmdb@2.8.5 install { code: 1, signal: null }
631 info run msgpackr-extract@3.0.2 install { code: 1, signal: null }
632 verbose reify failed optional dependency C:\Users\Rowan\Desktop\Career Foundry\4 Client-Side Programming & React\myFlix-client\node_modules\msgpackr-extract
633 silly reify mark deleted [
633 silly reify   'C:\\Users\\Rowan\\Desktop\\Career Foundry\\4 Client-Side Programming & React\\myFlix-client\\node_modules\\msgpackr-extract',
633 silly reify   'C:\\Users\\Rowan\\Desktop\\Career Foundry\\4 Client-Side Programming & React\\myFlix-client\\node_modules\\.bin\\download-msgpackr-prebuilds',
633 silly reify   'C:\\Users\\Rowan\\Desktop\\Career Foundry\\4 Client-Side Programming & React\\myFlix-client\\node_modules\\.bin\\download-msgpackr-prebuilds.cmd',
633 silly reify   'C:\\Users\\Rowan\\Desktop\\Career Foundry\\4 Client-Side Programming & React\\myFlix-client\\node_modules\\.bin\\download-msgpackr-prebuilds.ps1'
633 silly reify ]
634 verbose reify failed optional dependency C:\Users\Rowan\Desktop\Career Foundry\4 Client-Side Programming & React\myFlix-client\node_modules\msgpackr-extract\node_modules\node-gyp-build-optional-packages
635 silly reify mark deleted [
635 silly reify   'C:\\Users\\Rowan\\Desktop\\Career Foundry\\4 Client-Side Programming & React\\myFlix-client\\node_modules\\msgpackr-extract\\node_modules\\node-gyp-build-optional-packages',
635 silly reify   'C:\\Users\\Rowan\\Desktop\\Career Foundry\\4 Client-Side Programming & React\\myFlix-client\\node_modules\\msgpackr-extract\\node_modules\\.bin\\node-gyp-build-optional-packages',
635 silly reify   'C:\\Users\\Rowan\\Desktop\\Career Foundry\\4 Client-Side Programming & React\\myFlix-client\\node_modules\\msgpackr-extract\\node_modules\\.bin\\node-gyp-build-optional-packages.cmd',
635 silly reify   'C:\\Users\\Rowan\\Desktop\\Career Foundry\\4 Client-Side Programming & React\\myFlix-client\\node_modules\\msgpackr-extract\\node_modules\\.bin\\node-gyp-build-optional-packages.ps1',
635 silly reify   'C:\\Users\\Rowan\\Desktop\\Career Foundry\\4 Client-Side Programming & React\\myFlix-client\\node_modules\\msgpackr-extract\\node_modules\\.bin\\node-gyp-build-optional-packages-optional',
635 silly reify   'C:\\Users\\Rowan\\Desktop\\Career Foundry\\4 Client-Side Programming & React\\myFlix-client\\node_modules\\msgpackr-extract\\node_modules\\.bin\\node-gyp-build-optional-packages-optional.cmd',
635 silly reify   'C:\\Users\\Rowan\\Desktop\\Career Foundry\\4 Client-Side Programming & React\\myFlix-client\\node_modules\\msgpackr-extract\\node_modules\\.bin\\node-gyp-build-optional-packages-optional.ps1',
635 silly reify   'C:\\Users\\Rowan\\Desktop\\Career Foundry\\4 Client-Side Programming & React\\myFlix-client\\node_modules\\msgpackr-extract\\node_modules\\.bin\\node-gyp-build-optional-packages-test',
635 silly reify   'C:\\Users\\Rowan\\Desktop\\Career Foundry\\4 Client-Side Programming & React\\myFlix-client\\node_modules\\msgpackr-extract\\node_modules\\.bin\\node-gyp-build-optional-packages-test.cmd',
635 silly reify   'C:\\Users\\Rowan\\Desktop\\Career Foundry\\4 Client-Side Programming & React\\myFlix-client\\node_modules\\msgpackr-extract\\node_modules\\.bin\\node-gyp-build-optional-packages-test.ps1'
635 silly reify ]
636 timing build:run:install:node_modules/msgpackr-extract Completed in 131ms
637 warn cleanup Failed to remove some directories [
637 warn cleanup   [
637 warn cleanup     'C:\\Users\\Rowan\\Desktop\\Career Foundry\\4 Client-Side Programming & React\\myFlix-client\\node_modules\\msgpackr-extract',
637 warn cleanup     [Error: EBUSY: resource busy or locked, rmdir 'C:\Users\Rowan\Desktop\Career Foundry\4 Client-Side Programming & React\myFlix-client\node_modules\msgpackr-extract'] {
637 warn cleanup       errno: -4082,
637 warn cleanup       code: 'EBUSY',
637 warn cleanup       syscall: 'rmdir',
637 warn cleanup       path: 'C:\\Users\\Rowan\\Desktop\\Career Foundry\\4 Client-Side Programming & React\\myFlix-client\\node_modules\\msgpackr-extract'
637 warn cleanup     }
637 warn cleanup   ],
637 warn cleanup   [
637 warn cleanup     'C:\\Users\\Rowan\\Desktop\\Career Foundry\\4 Client-Side Programming & React\\myFlix-client\\node_modules\\@parcel',
637 warn cleanup     [Error: EPERM: operation not permitted, rmdir 'C:\Users\Rowan\Desktop\Career Foundry\4 Client-Side Programming & React\myFlix-client\node_modules\@parcel\core\test'] {
637 warn cleanup       errno: -4048,
637 warn cleanup       code: 'EPERM',
637 warn cleanup       syscall: 'rmdir',
637 warn cleanup       path: 'C:\\Users\\Rowan\\Desktop\\Career Foundry\\4 Client-Side Programming & React\\myFlix-client\\node_modules\\@parcel\\core\\test'
637 warn cleanup     }
637 warn cleanup   ]
637 warn cleanup ]
638 timing reify:rollback:createSparse Completed in 571ms
639 timing reify:rollback:retireShallow Completed in 0ms
640 timing command:install Completed in 5914ms
641 verbose stack Error: command failed
641 verbose stack     at ChildProcess.<anonymous> (C:\Users\Rowan\AppData\Roaming\npm\node_modules\npm\node_modules\@npmcli\promise-spawn\lib\index.js:53:27)
641 verbose stack     at ChildProcess.emit (node:events:515:28)
641 verbose stack     at maybeClose (node:internal/child_process:1105:16)
641 verbose stack     at ChildProcess._handle.onexit (node:internal/child_process:305:5)
642 verbose pkgid lmdb@2.8.5
643 verbose cwd C:\Users\Rowan\Desktop\Career Foundry\4 Client-Side Programming & React\myFlix-client
644 verbose Windows_NT 10.0.22621
645 verbose node v21.0.0
646 verbose npm  v10.2.4
647 error code 1
648 error path C:\Users\Rowan\Desktop\Career Foundry\4 Client-Side Programming & React\myFlix-client\node_modules\lmdb
649 error command failed
650 error command C:\WINDOWS\system32\cmd.exe /d /s /c node-gyp-build-optional-packages
651 error 'React\myFlix-client\node_modules\.bin\' is not recognized as an internal or external command,
651 error operable program or batch file.
651 error node:internal/modules/cjs/loader:1141
651 error   throw err;
651 error   ^
651 error
651 error Error: Cannot find module 'C:\Users\Rowan\Desktop\Career Foundry\node-gyp-build-optional-packages\bin.js'
651 error     at Module._resolveFilename (node:internal/modules/cjs/loader:1138:15)
651 error     at Module._load (node:internal/modules/cjs/loader:979:27)
651 error     at Function.executeUserEntryPoint [as runMain] (node:internal/modules/run_main:122:12)
651 error     at node:internal/main/run_main_module:28:49 {
651 error   code: 'MODULE_NOT_FOUND',
651 error   requireStack: []
651 error }
651 error
651 error Node.js v21.0.0
652 verbose exit 1
653 timing npm Completed in 6281ms
654 verbose unfinished npm timer reify 1700350787828
655 verbose unfinished npm timer reify:build 1700350793018
656 verbose unfinished npm timer build 1700350793018
657 verbose unfinished npm timer build:deps 1700350793019
658 verbose unfinished npm timer build:run:install 1700350793049
659 verbose unfinished npm timer build:run:install:node_modules/lmdb 1700350793050
660 verbose code 1
661 error A complete log of this run can be found in: C:\Users\Rowan\AppData\Local\npm-cache\_logs\2023-11-18T23_39_47_462Z-debug-0.log
